Using pre-set license
Built from '2020.2/staging' branch; Version is '2020.2.7f1 (c53830e277f1) revision 12924976'; Using compiler version '192528614'; Build Type 'Release'
OS: 'Windows 10 Pro; OS build 19042.985; Version 2009; 64bit' Language: 'ru' Physical Memory: 8092 MB
BatchMode: 1, IsHumanControllingUs: 0, StartBugReporterOnCrash: 0, Is64bit: 1, IsPro: 0

 COMMAND LINE ARGUMENTS:
D:\Unity\2020.2.7f1\Editor\Unity.exe
-adb2
-batchMode
-noUpm
-name
AssetImportWorker0
-projectPath
D:/Unity/Projects/CursachFolder/RTS_Cursach_2course-master
-logFile
Logs/AssetImportWorker0.log
-srvPort
14396
Successfully changed project path to: D:/Unity/Projects/CursachFolder/RTS_Cursach_2course-master
D:/Unity/Projects/CursachFolder/RTS_Cursach_2course-master
Using Asset Import Pipeline V2.
Refreshing native plugins compatible for Editor in 115.95 ms, found 1 plugins.
Preloading 0 native plugins for Editor in 0.00 ms.
Initialize engine version: 2020.2.7f1 (c53830e277f1)
[Subsystems] Discovering subsystems at path D:/Unity/2020.2.7f1/Editor/Data/Resources/UnitySubsystems
[Subsystems] Discovering subsystems at path D:/Unity/Projects/CursachFolder/RTS_Cursach_2course-master/Assets
GfxDevice: creating device client; threaded=0
Direct3D:
    Version:  Direct3D 11.0 [level 11.0]
    Renderer: NVIDIA GeForce 940MX (ID=0x134d)
    Vendor:   
    VRAM:     987 MB
    Driver:   26.21.14.3615
Initialize mono
Mono path[0] = 'D:/Unity/2020.2.7f1/Editor/Data/Managed'
Mono path[1] = 'D:/Unity/2020.2.7f1/Editor/Data/MonoBleedingEdge/lib/mono/unityjit'
Mono config path = 'D:/Unity/2020.2.7f1/Editor/Data/MonoBleedingEdge/etc'
Using monoOptions --debugger-agent=transport=dt_socket,embedding=1,server=y,suspend=n,address=127.0.0.1:56580
Begin MonoManager ReloadAssembly
Registering precompiled unity dll's ...
Register platform support module: D:/Unity/2020.2.7f1/Editor/Data/PlaybackEngines/WindowsStandaloneSupport/UnityEditor.WindowsStandalone.Extensions.dll
Registered in 0.003482 seconds.
Native extension for WindowsStandalone target not found
Refreshing native plugins compatible for Editor in 105.75 ms, found 1 plugins.
Preloading 0 native plugins for Editor in 0.00 ms.
Invoked RoslynAnalysisRunner static constructor.
RoslynAnalysisRunner will not be running.
RoslynAnalysisRunner has terminated.
Mono: successfully reloaded assembly
- Completed reload, in  2.958 seconds
Platform modules already initialized, skipping
Registering precompiled user dll's ...
Registered in 0.002062 seconds.
Begin MonoManager ReloadAssembly
Native extension for WindowsStandalone target not found
Refreshing native plugins compatible for Editor in 237.30 ms, found 1 plugins.
Preloading 0 native plugins for Editor in 0.00 ms.
Invoked RoslynAnalysisRunner static constructor.
RoslynAnalysisRunner will not be running.
RoslynAnalysisRunner has terminated.
Mono: successfully reloaded assembly
- Completed reload, in  4.967 seconds
Platform modules already initialized, skipping
========================================================================
Worker process is ready to serve import requests
Launched and connected shader compiler UnityShaderCompiler.exe after 0.12 seconds
Refreshing native plugins compatible for Editor in 0.50 ms, found 1 plugins.
Preloading 0 native plugins for Editor in 0.00 ms.
Unloading 1842 Unused Serialized files (Serialized files now loaded: 0)
System memory in use before: 98.2 MB.
System memory in use after: 98.2 MB.

Unloading 19 unused Assets to reduce memory usage. Loaded Objects now: 2310.
Total: 3.330000 ms (FindLiveObjects: 0.330600 ms CreateObjectMapping: 0.229800 ms MarkObjects: 2.650200 ms  DeleteObjects: 0.116600 ms)

========================================================================
Received Import Request.
  path: Assets/Scripts/Attack.cs
  artifactKey: Guid(95ea2b3cacd91734891483e3fff535f5) Importer(815301076,1909f56bfc062723c751e8b465ee728b)
Start importing Assets/Scripts/Attack.cs using Guid(95ea2b3cacd91734891483e3fff535f5) Importer(815301076,1909f56bfc062723c751e8b465ee728b)  -> (artifact id: 'c11c6d68ff5ee00b543a10c6b192e420') in 0.223837 seconds
  Import took 0.231576 seconds .

========================================================================
Received Import Request.
  Time since last request: 0.000670 seconds.
  path: Assets/Prefabs/Buildings/MainTower.prefab
  artifactKey: Guid(cf312e43fcc1d7f4cb7a5d7aa90035c2) Importer(815301076,1909f56bfc062723c751e8b465ee728b)
Start importing Assets/Prefabs/Buildings/MainTower.prefab using Guid(cf312e43fcc1d7f4cb7a5d7aa90035c2) Importer(815301076,1909f56bfc062723c751e8b465ee728b)  -> (artifact id: '408ae2e46045a27ad2b1fe50342195de') in 0.347220 seconds
  Import took 0.356803 seconds .

========================================================================
Received Import Request.
  Time since last request: 0.000759 seconds.
  path: Assets/Prefabs/Buildings/GoldMine.prefab
  artifactKey: Guid(9404f20109e693c4688deb8d62f287e4) Importer(815301076,1909f56bfc062723c751e8b465ee728b)
Start importing Assets/Prefabs/Buildings/GoldMine.prefab using Guid(9404f20109e693c4688deb8d62f287e4) Importer(815301076,1909f56bfc062723c751e8b465ee728b)  -> (artifact id: '1df34836d4e56034924e1f44a94a40b5') in 0.073959 seconds
  Import took 0.082870 seconds .

========================================================================
Received Import Request.
  Time since last request: 0.000532 seconds.
  path: Assets/Prefabs/Buildings/TowerDef.prefab
  artifactKey: Guid(94ad14a4e406aab4da30b96c5ce2de4d) Importer(815301076,1909f56bfc062723c751e8b465ee728b)
Start importing Assets/Prefabs/Buildings/TowerDef.prefab using Guid(94ad14a4e406aab4da30b96c5ce2de4d) Importer(815301076,1909f56bfc062723c751e8b465ee728b)  -> (artifact id: 'ce486fe0b097b5b582050f8cb660c190') in 0.066631 seconds
  Import took 0.079887 seconds .

========================================================================
Received Prepare
Registering precompiled user dll's ...
Registered in 0.001375 seconds.
Begin MonoManager ReloadAssembly
Native extension for WindowsStandalone target not found
Refreshing native plugins compatible for Editor in 0.64 ms, found 1 plugins.
Preloading 0 native plugins for Editor in 0.00 ms.
Invoked RoslynAnalysisRunner static constructor.
RoslynAnalysisRunner will not be running.
RoslynAnalysisRunner has terminated.
Mono: successfully reloaded assembly
- Completed reload, in  2.497 seconds
Platform modules already initialized, skipping
Refreshing native plugins compatible for Editor in 0.82 ms, found 1 plugins.
Preloading 0 native plugins for Editor in 0.00 ms.
Unloading 1832 Unused Serialized files (Serialized files now loaded: 0)
System memory in use before: 100.9 MB.
System memory in use after: 101.0 MB.

Unloading 7 unused Assets to reduce memory usage. Loaded Objects now: 2321.
Total: 6.897700 ms (FindLiveObjects: 0.633500 ms CreateObjectMapping: 0.326000 ms MarkObjects: 5.872300 ms  DeleteObjects: 0.060400 ms)

