Using pre-set license
Built from '2020.2/staging' branch; Version is '2020.2.7f1 (c53830e277f1) revision 12924976'; Using compiler version '192528614'; Build Type 'Release'
OS: 'Windows 10 Pro; OS build 19042.985; Version 2009; 64bit' Language: 'ru' Physical Memory: 8092 MB
BatchMode: 1, IsHumanControllingUs: 0, StartBugReporterOnCrash: 0, Is64bit: 1, IsPro: 0

 COMMAND LINE ARGUMENTS:
D:\Unity\2020.2.7f1\Editor\Unity.exe
-adb2
-batchMode
-noUpm
-name
AssetImportWorker2
-projectPath
D:/Unity/Projects/CursachFolder/RTS_Cursach_2course-master
-logFile
Logs/AssetImportWorker2.log
-srvPort
14465
Successfully changed project path to: D:/Unity/Projects/CursachFolder/RTS_Cursach_2course-master
D:/Unity/Projects/CursachFolder/RTS_Cursach_2course-master
Using Asset Import Pipeline V2.
Refreshing native plugins compatible for Editor in 130.78 ms, found 1 plugins.
Preloading 0 native plugins for Editor in 0.00 ms.
Initialize engine version: 2020.2.7f1 (c53830e277f1)
[Subsystems] Discovering subsystems at path D:/Unity/2020.2.7f1/Editor/Data/Resources/UnitySubsystems
[Subsystems] Discovering subsystems at path D:/Unity/Projects/CursachFolder/RTS_Cursach_2course-master/Assets
GfxDevice: creating device client; threaded=0
Direct3D:
    Version:  Direct3D 11.0 [level 11.0]
    Renderer: NVIDIA GeForce 940MX (ID=0x134d)
    Vendor:   
    VRAM:     987 MB
    Driver:   26.21.14.3615
Initialize mono
Mono path[0] = 'D:/Unity/2020.2.7f1/Editor/Data/Managed'
Mono path[1] = 'D:/Unity/2020.2.7f1/Editor/Data/MonoBleedingEdge/lib/mono/unityjit'
Mono config path = 'D:/Unity/2020.2.7f1/Editor/Data/MonoBleedingEdge/etc'
Using monoOptions --debugger-agent=transport=dt_socket,embedding=1,server=y,suspend=n,address=127.0.0.1:56804
Begin MonoManager ReloadAssembly
Registering precompiled unity dll's ...
Register platform support module: D:/Unity/2020.2.7f1/Editor/Data/PlaybackEngines/WindowsStandaloneSupport/UnityEditor.WindowsStandalone.Extensions.dll
Registered in 0.002779 seconds.
Native extension for WindowsStandalone target not found
Refreshing native plugins compatible for Editor in 103.45 ms, found 1 plugins.
Preloading 0 native plugins for Editor in 0.00 ms.
Invoked RoslynAnalysisRunner static constructor.
RoslynAnalysisRunner will not be running.
RoslynAnalysisRunner has terminated.
Mono: successfully reloaded assembly
- Completed reload, in  3.081 seconds
Platform modules already initialized, skipping
Registering precompiled user dll's ...
Registered in 0.002928 seconds.
Begin MonoManager ReloadAssembly
Native extension for WindowsStandalone target not found
Refreshing native plugins compatible for Editor in 130.74 ms, found 1 plugins.
Preloading 0 native plugins for Editor in 0.00 ms.
Invoked RoslynAnalysisRunner static constructor.
RoslynAnalysisRunner will not be running.
RoslynAnalysisRunner has terminated.
Mono: successfully reloaded assembly
- Completed reload, in  4.696 seconds
Platform modules already initialized, skipping
========================================================================
Worker process is ready to serve import requests
Launched and connected shader compiler UnityShaderCompiler.exe after 0.35 seconds
Refreshing native plugins compatible for Editor in 1.13 ms, found 1 plugins.
Preloading 0 native plugins for Editor in 0.00 ms.
Unloading 1842 Unused Serialized files (Serialized files now loaded: 0)
System memory in use before: 98.1 MB.
System memory in use after: 98.2 MB.

Unloading 19 unused Assets to reduce memory usage. Loaded Objects now: 2310.
Total: 5.635400 ms (FindLiveObjects: 0.660600 ms CreateObjectMapping: 0.249100 ms MarkObjects: 4.521300 ms  DeleteObjects: 0.200900 ms)

========================================================================
Received Import Request.
  path: Assets/Scripts/SelectUnits.cs
  artifactKey: Guid(bb8ea22b4c788f94bb164f8feea89295) Importer(815301076,1909f56bfc062723c751e8b465ee728b)
Start importing Assets/Scripts/SelectUnits.cs using Guid(bb8ea22b4c788f94bb164f8feea89295) Importer(815301076,1909f56bfc062723c751e8b465ee728b)  -> (artifact id: '2946ce62aa276cdf87a02e3fc862098d') in 0.203818 seconds
  Import took 0.212719 seconds .

========================================================================
Received Import Request.
  Time since last request: 6.478567 seconds.
  path: Assets/Scripts/UnitControl.cs
  artifactKey: Guid(6b7d5b7046bc4304b994c175dd273fa2) Importer(815301076,1909f56bfc062723c751e8b465ee728b)
Start importing Assets/Scripts/UnitControl.cs using Guid(6b7d5b7046bc4304b994c175dd273fa2) Importer(815301076,1909f56bfc062723c751e8b465ee728b)  -> (artifact id: '518136430c0db3421df906a740ce547b') in 0.024293 seconds
  Import took 0.033080 seconds .

========================================================================
Received Import Request.
  Time since last request: 3.100373 seconds.
  path: Assets/Scripts/ResControl.cs
  artifactKey: Guid(e92a15c4f1c3046448757e5df30317bb) Importer(815301076,1909f56bfc062723c751e8b465ee728b)
Start importing Assets/Scripts/ResControl.cs using Guid(e92a15c4f1c3046448757e5df30317bb) Importer(815301076,1909f56bfc062723c751e8b465ee728b)  -> (artifact id: '7968e837ede34ee5ba32895e15f21932') in 0.030151 seconds
  Import took 0.038068 seconds .

AssetImportWorkerClient::OnTransportError - code=2 error=End of file
